[2026-03-23 19:37:23]  Pipeline iniciado 
[2026-03-23 19:37:23]  Total de scripts: 18 
  |                                                                                                                                                           |                                                                                                                                                   |   0%[2026-03-23 19:37:23]  (1/18) Iniciando 00_setup.R 
G3;00_setup.R carregado com sucesso.
g[2026-03-23 19:37:27]  Concluído 00_setup.R | 3.71 segundos 
  |                                                                                                                                                           |========                                                                                                                                           |   6%[2026-03-23 19:37:27]  (2/18) Iniciando 01_dados.R 
G3;00_setup.R carregado com sucesso.
g[1] 30000    25
 [1] "ID"                         "LIMIT_BAL"                  "SEX"                        "EDUCATION"                  "MARRIAGE"                  
 [6] "AGE"                        "PAY_0"                      "PAY_2"                      "PAY_3"                      "PAY_4"                     
[11] "PAY_5"                      "PAY_6"                      "BILL_AMT1"                  "BILL_AMT2"                  "BILL_AMT3"                 
[16] "BILL_AMT4"                  "BILL_AMT5"                  "BILL_AMT6"                  "PAY_AMT1"                   "PAY_AMT2"                  
[21] "PAY_AMT3"                   "PAY_AMT4"                   "PAY_AMT5"                   "PAY_AMT6"                   "default payment next month"
Rows: 30,000
Columns: 25
$ ID                           <dbl> 1, 2, 3, 4, 5, 6, 7, 8, 9, 10, 11, 12, 13, 14, 15, 16, 17, 18, 19, 20, 21, 22, 23, 24, 25, 26, 27, 28, 29, 30, 31, 32,…
$ LIMIT_BAL                    <dbl> 20000, 120000, 90000, 50000, 50000, 50000, 500000, 100000, 140000, 20000, 200000, 260000, 630000, 70000, 250000, 50000…
$ SEX                          <dbl> 2, 2, 2, 2, 1, 1, 1, 2, 2, 1, 2, 2, 2, 1, 1, 2, 1, 1, 2, 2, 2, 2, 2, 2, 1, 1, 1, 2, 2, 1, 2, 1, 1, 2, 1, 1, 1, 2, 1, 1…
$ EDUCATION                    <dbl> 2, 2, 2, 2, 2, 1, 1, 2, 3, 3, 3, 1, 2, 2, 1, 3, 1, 1, 1, 1, 3, 2, 2, 1, 1, 3, 1, 3, 3, 1, 1, 2, 1, 2, 1, 1, 2, 2, 1, 1…
$ MARRIAGE                     <dbl> 1, 2, 2, 1, 1, 2, 2, 2, 1, 2, 2, 2, 2, 2, 2, 3, 2, 1, 1, 2, 2, 1, 2, 1, 2, 2, 2, 2, 1, 2, 2, 2, 2, 1, 1, 2, 1, 2, 2, 2…
$ AGE                          <dbl> 24, 26, 34, 37, 57, 37, 29, 23, 28, 35, 34, 51, 41, 30, 29, 23, 24, 49, 49, 29, 39, 39, 26, 40, 23, 23, 27, 30, 47, 26…
$ PAY_0                        <dbl> 2, -1, 0, 0, -1, 0, 0, 0, 0, -2, 0, -1, -1, 1, 0, 1, 0, 0, 1, 1, 0, -1, 2, -2, 0, 0, 1, 0, -1, 0, -1, 2, 0, -2, -2, -1…
$ PAY_2                        <dbl> 2, 2, 0, 0, 0, 0, 0, -1, 0, -2, 0, -1, 0, 2, 0, 2, 0, 0, -2, -2, 0, -1, 0, -2, 0, 0, -2, 0, -1, 0, -1, 0, 0, -2, -2, -…
$ PAY_3                        <dbl> -1, 0, 0, 0, -1, 0, 0, -1, 2, -2, 2, -1, -1, 2, 0, 0, 2, 0, -2, -2, 0, -1, 0, -2, 0, 0, -1, 0, -1, 0, -1, 0, 0, -2, -2…
$ PAY_4                        <dbl> -1, 0, 0, 0, 0, 0, 0, 0, 0, -2, 0, -1, -1, 0, 0, 0, 2, -1, -2, -2, 0, -1, 2, -2, -1, 0, -1, 0, -1, 0, -1, 0, 0, -2, -2…
$ PAY_5                        <dbl> -2, 0, 0, 0, 0, 0, 0, 0, 0, -1, 0, -1, -1, 0, 0, 0, 2, -1, -2, -2, 0, -1, 2, -2, 0, 0, -1, 0, -1, 0, -1, 0, 0, -2, -2,…
$ PAY_6                        <dbl> -2, 2, 0, 0, 0, 0, 0, -1, 0, -1, -1, 2, -1, 2, 0, 0, 2, -1, -2, -2, -1, -1, 2, -2, 0, 0, -1, 0, -1, 0, -1, 0, 0, -2, -…
$ BILL_AMT1                    <dbl> 3913, 2682, 29239, 46990, 8617, 64400, 367965, 11876, 11285, 0, 11073, 12261, 12137, 65802, 70887, 50614, 15376, 25328…
$ BILL_AMT2                    <dbl> 3102, 1725, 14027, 48233, 5670, 57069, 412023, 380, 14096, 0, 9787, 21670, 6500, 67369, 67060, 29173, 18010, 246536, 0…
$ BILL_AMT3                    <dbl> 689, 2682, 13559, 49291, 35835, 57608, 445007, 601, 12108, 0, 5535, 9966, 6500, 65701, 63561, 28116, 17428, 194663, 0,…
$ BILL_AMT4                    <dbl> 0, 3272, 14331, 28314, 20940, 19394, 542653, 221, 12211, 0, 2513, 8517, 6500, 66782, 59696, 28771, 18338, 70074, 0, 0,…
$ BILL_AMT5                    <dbl> 0, 3455, 14948, 28959, 19146, 19619, 483003, -159, 11793, 13007, 1828, 22287, 6500, 36137, 56875, 29531, 17905, 5856, …
$ BILL_AMT6                    <dbl> 0, 3261, 15549, 29547, 19131, 20024, 473944, 567, 3719, 13912, 3731, 13668, 2870, 36894, 55512, 30211, 19104, 195599, …
$ PAY_AMT1                     <dbl> 0, 0, 1518, 2000, 2000, 2500, 55000, 380, 3329, 0, 2306, 21818, 1000, 3200, 3000, 0, 3200, 10358, 0, 0, 3000, 316, 200…
$ PAY_AMT2                     <dbl> 689, 1000, 1500, 2019, 36681, 1815, 40000, 601, 0, 0, 12, 9966, 6500, 0, 3000, 1500, 0, 10000, 0, 0, 1537, 316, 3582, …
$ PAY_AMT3                     <dbl> 0, 1000, 1000, 1200, 10000, 657, 38000, 0, 432, 0, 50, 8583, 6500, 3000, 3000, 1100, 1500, 75940, 0, 0, 1000, 0, 0, 56…
$ PAY_AMT4                     <dbl> 0, 1000, 1000, 1100, 9000, 1000, 20239, 581, 1000, 13007, 300, 22301, 6500, 3000, 3000, 1200, 0, 20000, 0, 0, 2000, 63…
$ PAY_AMT5                     <dbl> 0, 0, 1000, 1069, 689, 1000, 13750, 1687, 1000, 1122, 3738, 0, 2870, 1500, 3000, 1300, 1650, 195599, 0, 0, 930, 316, 0…
$ PAY_AMT6                     <dbl> 0, 2000, 5000, 1000, 679, 800, 13770, 1542, 1000, 0, 66, 3640, 0, 0, 3000, 1100, 0, 50000, 0, 0, 33764, 0, 1820, 1128,…
$ `default payment next month` <dbl> 1, 1, 0, 0, 0, 0, 0, 0, 0, 0, 0, 0, 0, 1, 0, 0, 1, 0, 0, 0, 0, 1, 1, 1, 0, 0, 1, 0, 0, 0, 0, 1, 0, 0, 0, 0, 0, 0, 1, 0…
[1] 30000    24

 Deve  Pago 
 6636 23364 

  Deve   Pago 
0.2212 0.7788 
LIMIT_BAL       SEX EDUCATION  MARRIAGE       AGE     PAY_0     PAY_2     PAY_3     PAY_4     PAY_5     PAY_6 BILL_AMT1 BILL_AMT2 BILL_AMT3 BILL_AMT4 
        0         0         0         0         0         0         0         0         0         0         0         0         0         0         0 
BILL_AMT5 BILL_AMT6  PAY_AMT1  PAY_AMT2  PAY_AMT3  PAY_AMT4  PAY_AMT5  PAY_AMT6     Class 
        0         0         0         0         0         0         0         0         0 
G3;01_dados.R concluído com sucesso.
g[2026-03-23 19:37:29]  Concluído 01_dados.R | 2.48 segundos 
  |                                                                                                                                                           |================                                                                                                                                   |  11%[2026-03-23 19:37:29]  (3/18) Iniciando 02_preprocessamento.R 
G3;00_setup.R carregado com sucesso.
g
Masculino  Feminino 
    11888     18112 

PosGraduacao Universidade  EnsinoMedio       Outros 
       10585        14030         4917          468 

  Casado Solteiro   Outros 
   13659    15964      377 
tibble [30,000 × 24] (S3: tbl_df/tbl/data.frame)
 $ LIMIT_BAL: num [1:30000] 20000 120000 90000 50000 50000 50000 500000 100000 140000 20000 ...
 $ SEX      : Factor w/ 2 levels "Masculino","Feminino": 2 2 2 2 1 1 1 2 2 1 ...
 $ EDUCATION: Factor w/ 4 levels "PosGraduacao",..: 2 2 2 2 2 1 1 2 3 3 ...
 $ MARRIAGE : Factor w/ 3 levels "Casado","Solteiro",..: 1 2 2 1 1 2 2 2 1 2 ...
 $ AGE      : num [1:30000] 24 26 34 37 57 37 29 23 28 35 ...
 $ PAY_0    : num [1:30000] 2 -1 0 0 -1 0 0 0 0 -2 ...
 $ PAY_2    : num [1:30000] 2 2 0 0 0 0 0 -1 0 -2 ...
 $ PAY_3    : num [1:30000] -1 0 0 0 -1 0 0 -1 2 -2 ...
 $ PAY_4    : num [1:30000] -1 0 0 0 0 0 0 0 0 -2 ...
 $ PAY_5    : num [1:30000] -2 0 0 0 0 0 0 0 0 -1 ...
 $ PAY_6    : num [1:30000] -2 2 0 0 0 0 0 -1 0 -1 ...
 $ BILL_AMT1: num [1:30000] 3913 2682 29239 46990 8617 ...
 $ BILL_AMT2: num [1:30000] 3102 1725 14027 48233 5670 ...
 $ BILL_AMT3: num [1:30000] 689 2682 13559 49291 35835 ...
 $ BILL_AMT4: num [1:30000] 0 3272 14331 28314 20940 ...
 $ BILL_AMT5: num [1:30000] 0 3455 14948 28959 19146 ...
 $ BILL_AMT6: num [1:30000] 0 3261 15549 29547 19131 ...
 $ PAY_AMT1 : num [1:30000] 0 0 1518 2000 2000 ...
 $ PAY_AMT2 : num [1:30000] 689 1000 1500 2019 36681 ...
 $ PAY_AMT3 : num [1:30000] 0 1000 1000 1200 10000 657 38000 0 432 0 ...
 $ PAY_AMT4 : num [1:30000] 0 1000 1000 1100 9000 ...
 $ PAY_AMT5 : num [1:30000] 0 0 1000 1069 689 ...
 $ PAY_AMT6 : num [1:30000] 0 2000 5000 1000 679 ...
 $ Class    : Factor w/ 2 levels "Deve","Pago": 1 1 2 2 2 2 2 2 2 2 ...
NULL
Proporcao da classe no conjunto completo:

  Deve   Pago 
0.2212 0.7788 

Proporcao treino no split 0.7 :

     Deve      Pago 
0.2212276 0.7787724 

Proporcao teste no split 0.7 :

     Deve      Pago 
0.2211357 0.7788643 

Proporcao treino no split 0.8 :

     Deve      Pago 
0.2211991 0.7788009 

Proporcao teste no split 0.8 :

     Deve      Pago 
0.2212035 0.7787965 
G3;02_preprocessamento.R concluido com sucesso.
g[2026-03-23 19:37:32]  Concluído 02_preprocessamento.R | 2.45 segundos 
  |                                                                                                                                                           |========================                                                                                                                           |  17%[2026-03-23 19:37:32]  (4/18) Iniciando 03_selecao_variaveis.R 
G3;00_setup.R carregado com sucesso.
g[1] 21001    26
[1] "Deve" "Pago"

