[2026-03-23 19:38:30]  Pipeline iniciado 
[2026-03-23 19:38:30]  Total de scripts: 18 
  |                                                                                                                                                           |                                                                                                                                                   |   0%[2026-03-23 19:38:30]  (1/18) Iniciando 00_setup.R 
G3;00_setup.R carregado com sucesso.
g[2026-03-23 19:38:30]  Concluído 00_setup.R | 0.01 segundos 
  |                                                                                                                                                           |========                                                                                                                                           |   6%[2026-03-23 19:38:30]  (2/18) Iniciando 01_dados.R 
G3;00_setup.R carregado com sucesso.
g[1] 30000    25
 [1] "ID"                         "LIMIT_BAL"                  "SEX"                        "EDUCATION"                  "MARRIAGE"                  
 [6] "AGE"                        "PAY_0"                      "PAY_2"                      "PAY_3"                      "PAY_4"                     
[11] "PAY_5"                      "PAY_6"                      "BILL_AMT1"                  "BILL_AMT2"                  "BILL_AMT3"                 
[16] "BILL_AMT4"                  "BILL_AMT5"                  "BILL_AMT6"                  "PAY_AMT1"                   "PAY_AMT2"                  
[21] "PAY_AMT3"                   "PAY_AMT4"                   "PAY_AMT5"                   "PAY_AMT6"                   "default payment next month"
Rows: 30,000
Columns: 25
$ ID                           <dbl> 1, 2, 3, 4, 5, 6, 7, 8, 9, 10, 11, 12, 13, 14, 15, 16, 17, 18, 19, 20, 21, 22, 23, 24, 25, 26, 27, 28, 29, 30, 31, 32,…
$ LIMIT_BAL                    <dbl> 20000, 120000, 90000, 50000, 50000, 50000, 500000, 100000, 140000, 20000, 200000, 260000, 630000, 70000, 250000, 50000…
$ SEX                          <dbl> 2, 2, 2, 2, 1, 1, 1, 2, 2, 1, 2, 2, 2, 1, 1, 2, 1, 1, 2, 2, 2, 2, 2, 2, 1, 1, 1, 2, 2, 1, 2, 1, 1, 2, 1, 1, 1, 2, 1, 1…
$ EDUCATION                    <dbl> 2, 2, 2, 2, 2, 1, 1, 2, 3, 3, 3, 1, 2, 2, 1, 3, 1, 1, 1, 1, 3, 2, 2, 1, 1, 3, 1, 3, 3, 1, 1, 2, 1, 2, 1, 1, 2, 2, 1, 1…
$ MARRIAGE                     <dbl> 1, 2, 2, 1, 1, 2, 2, 2, 1, 2, 2, 2, 2, 2, 2, 3, 2, 1, 1, 2, 2, 1, 2, 1, 2, 2, 2, 2, 1, 2, 2, 2, 2, 1, 1, 2, 1, 2, 2, 2…
$ AGE                          <dbl> 24, 26, 34, 37, 57, 37, 29, 23, 28, 35, 34, 51, 41, 30, 29, 23, 24, 49, 49, 29, 39, 39, 26, 40, 23, 23, 27, 30, 47, 26…
$ PAY_0                        <dbl> 2, -1, 0, 0, -1, 0, 0, 0, 0, -2, 0, -1, -1, 1, 0, 1, 0, 0, 1, 1, 0, -1, 2, -2, 0, 0, 1, 0, -1, 0, -1, 2, 0, -2, -2, -1…
$ PAY_2                        <dbl> 2, 2, 0, 0, 0, 0, 0, -1, 0, -2, 0, -1, 0, 2, 0, 2, 0, 0, -2, -2, 0, -1, 0, -2, 0, 0, -2, 0, -1, 0, -1, 0, 0, -2, -2, -…
$ PAY_3                        <dbl> -1, 0, 0, 0, -1, 0, 0, -1, 2, -2, 2, -1, -1, 2, 0, 0, 2, 0, -2, -2, 0, -1, 0, -2, 0, 0, -1, 0, -1, 0, -1, 0, 0, -2, -2…
$ PAY_4                        <dbl> -1, 0, 0, 0, 0, 0, 0, 0, 0, -2, 0, -1, -1, 0, 0, 0, 2, -1, -2, -2, 0, -1, 2, -2, -1, 0, -1, 0, -1, 0, -1, 0, 0, -2, -2…
$ PAY_5                        <dbl> -2, 0, 0, 0, 0, 0, 0, 0, 0, -1, 0, -1, -1, 0, 0, 0, 2, -1, -2, -2, 0, -1, 2, -2, 0, 0, -1, 0, -1, 0, -1, 0, 0, -2, -2,…
$ PAY_6                        <dbl> -2, 2, 0, 0, 0, 0, 0, -1, 0, -1, -1, 2, -1, 2, 0, 0, 2, -1, -2, -2, -1, -1, 2, -2, 0, 0, -1, 0, -1, 0, -1, 0, 0, -2, -…
$ BILL_AMT1                    <dbl> 3913, 2682, 29239, 46990, 8617, 64400, 367965, 11876, 11285, 0, 11073, 12261, 12137, 65802, 70887, 50614, 15376, 25328…
$ BILL_AMT2                    <dbl> 3102, 1725, 14027, 48233, 5670, 57069, 412023, 380, 14096, 0, 9787, 21670, 6500, 67369, 67060, 29173, 18010, 246536, 0…
$ BILL_AMT3                    <dbl> 689, 2682, 13559, 49291, 35835, 57608, 445007, 601, 12108, 0, 5535, 9966, 6500, 65701, 63561, 28116, 17428, 194663, 0,…
$ BILL_AMT4                    <dbl> 0, 3272, 14331, 28314, 20940, 19394, 542653, 221, 12211, 0, 2513, 8517, 6500, 66782, 59696, 28771, 18338, 70074, 0, 0,…
$ BILL_AMT5                    <dbl> 0, 3455, 14948, 28959, 19146, 19619, 483003, -159, 11793, 13007, 1828, 22287, 6500, 36137, 56875, 29531, 17905, 5856, …
$ BILL_AMT6                    <dbl> 0, 3261, 15549, 29547, 19131, 20024, 473944, 567, 3719, 13912, 3731, 13668, 2870, 36894, 55512, 30211, 19104, 195599, …
$ PAY_AMT1                     <dbl> 0, 0, 1518, 2000, 2000, 2500, 55000, 380, 3329, 0, 2306, 21818, 1000, 3200, 3000, 0, 3200, 10358, 0, 0, 3000, 316, 200…
$ PAY_AMT2                     <dbl> 689, 1000, 1500, 2019, 36681, 1815, 40000, 601, 0, 0, 12, 9966, 6500, 0, 3000, 1500, 0, 10000, 0, 0, 1537, 316, 3582, …
$ PAY_AMT3                     <dbl> 0, 1000, 1000, 1200, 10000, 657, 38000, 0, 432, 0, 50, 8583, 6500, 3000, 3000, 1100, 1500, 75940, 0, 0, 1000, 0, 0, 56…
$ PAY_AMT4                     <dbl> 0, 1000, 1000, 1100, 9000, 1000, 20239, 581, 1000, 13007, 300, 22301, 6500, 3000, 3000, 1200, 0, 20000, 0, 0, 2000, 63…
$ PAY_AMT5                     <dbl> 0, 0, 1000, 1069, 689, 1000, 13750, 1687, 1000, 1122, 3738, 0, 2870, 1500, 3000, 1300, 1650, 195599, 0, 0, 930, 316, 0…
$ PAY_AMT6                     <dbl> 0, 2000, 5000, 1000, 679, 800, 13770, 1542, 1000, 0, 66, 3640, 0, 0, 3000, 1100, 0, 50000, 0, 0, 33764, 0, 1820, 1128,…
$ `default payment next month` <dbl> 1, 1, 0, 0, 0, 0, 0, 0, 0, 0, 0, 0, 0, 1, 0, 0, 1, 0, 0, 0, 0, 1, 1, 1, 0, 0, 1, 0, 0, 0, 0, 1, 0, 0, 0, 0, 0, 0, 1, 0…
[1] 30000    24

 Deve  Pago 
 6636 23364 

  Deve   Pago 
0.2212 0.7788 
LIMIT_BAL       SEX EDUCATION  MARRIAGE       AGE     PAY_0     PAY_2     PAY_3     PAY_4     PAY_5     PAY_6 BILL_AMT1 BILL_AMT2 BILL_AMT3 BILL_AMT4 
        0         0         0         0         0         0         0         0         0         0         0         0         0         0         0 
BILL_AMT5 BILL_AMT6  PAY_AMT1  PAY_AMT2  PAY_AMT3  PAY_AMT4  PAY_AMT5  PAY_AMT6     Class 
        0         0         0         0         0         0         0         0         0 
G3;01_dados.R concluído com sucesso.
g[2026-03-23 19:38:32]  Concluído 01_dados.R | 2.49 segundos 
  |                                                                                                                                                           |================                                                                                                                                   |  11%[2026-03-23 19:38:32]  (3/18) Iniciando 02_preprocessamento.R 
G3;00_setup.R carregado com sucesso.
g
Masculino  Feminino 
    11888     18112 

PosGraduacao Universidade  EnsinoMedio       Outros 
       10585        14030         4917          468 

  Casado Solteiro   Outros 
   13659    15964      377 
tibble [30,000 × 24] (S3: tbl_df/tbl/data.frame)
 $ LIMIT_BAL: num [1:30000] 20000 120000 90000 50000 50000 50000 500000 100000 140000 20000 ...
 $ SEX      : Factor w/ 2 levels "Masculino","Feminino": 2 2 2 2 1 1 1 2 2 1 ...
 $ EDUCATION: Factor w/ 4 levels "PosGraduacao",..: 2 2 2 2 2 1 1 2 3 3 ...
 $ MARRIAGE : Factor w/ 3 levels "Casado","Solteiro",..: 1 2 2 1 1 2 2 2 1 2 ...
 $ AGE      : num [1:30000] 24 26 34 37 57 37 29 23 28 35 ...
 $ PAY_0    : num [1:30000] 2 -1 0 0 -1 0 0 0 0 -2 ...
 $ PAY_2    : num [1:30000] 2 2 0 0 0 0 0 -1 0 -2 ...
 $ PAY_3    : num [1:30000] -1 0 0 0 -1 0 0 -1 2 -2 ...
 $ PAY_4    : num [1:30000] -1 0 0 0 0 0 0 0 0 -2 ...
 $ PAY_5    : num [1:30000] -2 0 0 0 0 0 0 0 0 -1 ...
 $ PAY_6    : num [1:30000] -2 2 0 0 0 0 0 -1 0 -1 ...
 $ BILL_AMT1: num [1:30000] 3913 2682 29239 46990 8617 ...
 $ BILL_AMT2: num [1:30000] 3102 1725 14027 48233 5670 ...
 $ BILL_AMT3: num [1:30000] 689 2682 13559 49291 35835 ...
 $ BILL_AMT4: num [1:30000] 0 3272 14331 28314 20940 ...
 $ BILL_AMT5: num [1:30000] 0 3455 14948 28959 19146 ...
 $ BILL_AMT6: num [1:30000] 0 3261 15549 29547 19131 ...
 $ PAY_AMT1 : num [1:30000] 0 0 1518 2000 2000 ...
 $ PAY_AMT2 : num [1:30000] 689 1000 1500 2019 36681 ...
 $ PAY_AMT3 : num [1:30000] 0 1000 1000 1200 10000 657 38000 0 432 0 ...
 $ PAY_AMT4 : num [1:30000] 0 1000 1000 1100 9000 ...
 $ PAY_AMT5 : num [1:30000] 0 0 1000 1069 689 ...
 $ PAY_AMT6 : num [1:30000] 0 2000 5000 1000 679 ...
 $ Class    : Factor w/ 2 levels "Deve","Pago": 1 1 2 2 2 2 2 2 2 2 ...
NULL
Proporcao da classe no conjunto completo:

  Deve   Pago 
0.2212 0.7788 

Proporcao treino no split 0.7 :

     Deve      Pago 
0.2212276 0.7787724 

Proporcao teste no split 0.7 :

     Deve      Pago 
0.2211357 0.7788643 

Proporcao treino no split 0.8 :

     Deve      Pago 
0.2211991 0.7788009 

Proporcao teste no split 0.8 :

     Deve      Pago 
0.2212035 0.7787965 
G3;02_preprocessamento.R concluido com sucesso.
g[2026-03-23 19:38:35]  Concluído 02_preprocessamento.R | 2.21 segundos 
  |                                                                                                                                                           |========================                                                                                                                           |  17%[2026-03-23 19:38:35]  (4/18) Iniciando 03_selecao_variaveis.R 
G3;00_setup.R carregado com sucesso.
g[1] 21001    26
[1] "Deve" "Pago"
glmnet 

21001 samples
   26 predictor
    2 classes: 'Deve', 'Pago' 

Pre-processing: centered (26), scaled (26) 
Resampling: Cross-Validated (5 fold, repeated 2 times) 
Summary of sample sizes: 16801, 16801, 16800, 16801, 16801, 16801, ... 
Resampling results across tuning parameters:

  alpha  lambda       ROC        Sens          Spec     
  0.00   0.001000000  0.7280192  0.2195414193  0.9753592
  0.00   0.001333521  0.7280192  0.2195414193  0.9753592
  0.00   0.001778279  0.7280192  0.2195414193  0.9753592
  0.00   0.002371374  0.7280192  0.2195414193  0.9753592
  0.00   0.003162278  0.7280192  0.2195414193  0.9753592
  0.00   0.004216965  0.7280192  0.2195414193  0.9753592
  0.00   0.005623413  0.7280192  0.2195414193  0.9753592
  0.00   0.007498942  0.7280192  0.2195414193  0.9753592
  0.00   0.010000000  0.7280192  0.2195414193  0.9753592
  0.00   0.013335214  0.7280192  0.2195414193  0.9753592
  0.00   0.017782794  0.7276949  0.2114710002  0.9762152
  0.00   0.023713737  0.7271083  0.2009237589  0.9773158
  0.00   0.031622777  0.7262514  0.1915613968  0.9783552
  0.00   0.042169650  0.7250887  0.1815527160  0.9794558
  0.00   0.056234133  0.7236801  0.1697149207  0.9808927
  0.00   0.074989421  0.7220843  0.1568004676  0.9833079
  0.00   0.100000000  0.7203732  0.1367826429  0.9858147
  0.00   0.133352143  0.7186115  0.1132136533  0.9881382
  0.00   0.177827941  0.7167631  0.0867391229  0.9906451
  0.00   0.237137371  0.7148258  0.0589745014  0.9935188
  0.00   0.316227766  0.7128882  0.0414326886  0.9951391
  0.00   0.421696503  0.7109814  0.0280874336  0.9964843
  0.00   0.562341325  0.7092137  0.0200164358  0.9972485
  0.00   0.749894209  0.7076661  0.0129142216  0.9984714
  0.00   1.000000000  0.7063303  0.0103316087  0.9989606
  0.25   0.001000000  0.7285098  0.2477375372  0.9720575
  0.25   0.001333521  0.7284223  0.2461232450  0.9722103
  0.25   0.001778279  0.7283188  0.2442934361  0.9725466
  0.25   0.002371374  0.7281934  0.2424638587  0.9729746
  0.25   0.003162278  0.7280467  0.2397732560  0.9734332
  0.25   0.004216965  0.7278786  0.2361141012  0.9738612
  0.25   0.005623413  0.7276967  0.2307334745  0.9744115
  0.25   0.007498942  0.7275351  0.2244917069  0.9749312
  0.25   0.010000000  0.7272941  0.2171737445  0.9760318
  0.25   0.013335214  0.7268718  0.2052287695  0.9769184
  0.25   0.017782794  0.7262253  0.1938206188  0.9785998
  0.25   0.023713737  0.7251758  0.1803694573  0.9799755
  0.25   0.031622777  0.7235330  0.1677777006  0.9819016
  0.25   0.042169650  0.7207496  0.1424871234  0.9847753
  0.25   0.056234133  0.7170260  0.0950259847  0.9889330
  0.25   0.074989421  0.7143727  0.0574670417  0.9935494
  0.25   0.100000000  0.7126735  0.0413246988  0.9955671
  0.25   0.133352143  0.7109757  0.0221691725  0.9970957
  0.25   0.177827941  0.7087736  0.0081784090  0.9982268
  0.25   0.237137371  0.6990717  0.0045198329  0.9993274
  0.25   0.316227766  0.7062191  0.0000000000  1.0000000
  0.25   0.421696503  0.6952140  0.0000000000  1.0000000
  0.25   0.562341325  0.5000000  0.0000000000  1.0000000
  0.25   0.749894209  0.5000000  0.0000000000  1.0000000
  0.25   1.000000000  0.5000000  0.0000000000  1.0000000
  0.50   0.001000000  0.7282921  0.2462308876  0.9722715
  0.50   0.001333521  0.7281474  0.2449391761  0.9725772
  0.50   0.001778279  0.7279541  0.2427867866  0.9728218
  0.50   0.002371374  0.7277600  0.2404191118  0.9733721
  0.50   0.003162278  0.7275581  0.2365449032  0.9738918
  0.50   0.004216965  0.7273756  0.2324550621  0.9743809
  0.50   0.005623413  0.7271357  0.2262136417  0.9754204
  0.50   0.007498942  0.7267585  0.2190037849  0.9761541
  0.50   0.010000000  0.7262456  0.2075956341  0.9770407
  0.50   0.013335214  0.7254689  0.1953268053  0.9784164
  0.50   0.017782794  0.7241573  0.1827365534  0.9797004
  0.50   0.023713737  0.7220540  0.1656243851  0.9819933
  0.50   0.031622777  0.7200854  0.1292487008  0.9862427
  0.50   0.042169650  0.7199494  0.0638164520  0.9928157
  0.50   0.056234133  0.7203354  0.0547769020  0.9939162
  0.50   0.074989421  0.7208601  0.0315311874  0.9964537
  0.50   0.100000000  0.7056201  0.0144206396  0.9975543
  0.50   0.133352143  0.7000299  0.0062414204  0.9985937
  0.50   0.177827941  0.6967803  0.0015067653  0.9996943
  0.50   0.237137371  0.6927761  0.0000000000  1.0000000
  0.50   0.316227766  0.5000000  0.0000000000  1.0000000
  0.50   0.421696503  0.5000000  0.0000000000  1.0000000
  0.50   0.562341325  0.5000000  0.0000000000  1.0000000
  0.50   0.749894209  0.5000000  0.0000000000  1.0000000
  0.50   1.000000000  0.5000000  0.0000000000  1.0000000
  0.75   0.001000000  0.7280672  0.2455850319  0.9726383
  0.75   0.001333521  0.7278591  0.2438629814  0.9727912
  0.75   0.001778279  0.7276407  0.2411723787  0.9732498
  0.75   0.002371374  0.7274363  0.2380515527  0.9737389
  0.75   0.003162278  0.7272293  0.2346073359  0.9744726
  0.75   0.004216965  0.7269394  0.2284739053  0.9749618
  0.75   0.005623413  0.7264900  0.2228776462  0.9758178
  0.75   0.007498942  0.7258987  0.2131914303  0.9767349
  0.75   0.010000000  0.7249809  0.2006000208  0.9778661
  0.75   0.013335214  0.7234643  0.1883321180  0.9792724
  0.75   0.017782794  0.7213274  0.1700366911  0.9813818
  0.75   0.023713737  0.7206621  0.1368893596  0.9848364
  0.75   0.031622777  0.7211894  0.0631708277  0.9929379
  0.75   0.042169650  0.7204117  0.0526242809  0.9941608
  0.75   0.056234133  0.7082736  0.0496108661  0.9946194
  0.75   0.074989421  0.6973906  0.0144206396  0.9976154
  0.75   0.100000000  0.6967803  0.0062414204  0.9985937
  0.75   0.133352143  0.6927761  0.0007534984  0.9998777
  0.75   0.177827941  0.6927761  0.0000000000  1.0000000
  0.75   0.237137371  0.5000000  0.0000000000  1.0000000
  0.75   0.316227766  0.5000000  0.0000000000  1.0000000
  0.75   0.421696503  0.5000000  0.0000000000  1.0000000
  0.75   0.562341325  0.5000000  0.0000000000  1.0000000
  0.75   0.749894209  0.5000000  0.0000000000  1.0000000
  0.75   1.000000000  0.5000000  0.0000000000  1.0000000
  1.00   0.001000000  0.7278488  0.2445088371  0.9727301
  1.00   0.001333521  0.7276202  0.2423561003  0.9731275
  1.00   0.001778279  0.7274023  0.2393429170  0.9733721
  1.00   0.002371374  0.7271799  0.2364373763  0.9741363
  1.00   0.003162278  0.7268924  0.2318101323  0.9747172
  1.00   0.004216965  0.7264339  0.2266445594  0.9754815
  1.00   0.005623413  0.7258114  0.2184651087  0.9761847
  1.00   0.007498942  0.7248552  0.2068416727  0.9771935
  1.00   0.010000000  0.7233495  0.1948964663  0.9785387
  1.00   0.013335214  0.7212894  0.1814449576  0.9801284
  1.00   0.017782794  0.7207798  0.1519559707  0.9831550
  1.00   0.023713737  0.7210119  0.0671532576  0.9925711
  1.00   0.031622777  0.7199884  0.0525166383  0.9941914
  1.00   0.042169650  0.7030419  0.0514406750  0.9943748
  1.00   0.056234133  0.6967803  0.0145282822  0.9975848
  1.00   0.074989421  0.6927761  0.0062414204  0.9985937
  1.00   0.100000000  0.6927761  0.0027981296  0.9995109
  1.00   0.133352143  0.6927761  0.0000000000  1.0000000
  1.00   0.177827941  0.5000000  0.0000000000  1.0000000
  1.00   0.237137371  0.5000000  0.0000000000  1.0000000
  1.00   0.316227766  0.5000000  0.0000000000  1.0000000
  1.00   0.421696503  0.5000000  0.0000000000  1.0000000
  1.00   0.562341325  0.5000000  0.0000000000  1.0000000
  1.00   0.749894209  0.5000000  0.0000000000  1.0000000
  1.00   1.000000000  0.5000000  0.0000000000  1.0000000

ROC was used to select the optimal model using the largest value.
The final values used for the model were alpha = 0.25 and lambda = 0.001.
   alpha lambda
26  0.25  0.001
# A tibble: 23 × 3
   Variavel_Original Importancia Posicao
   <chr>                   <dbl>   <int>
 1 PAY_0                  0.650        1
 2 BILL_AMT1              0.243        2
 3 PAY_AMT2               0.205        3
 4 PAY_AMT1               0.152        4
 5 EDUCATION              0.136        5
 6 PAY_2                  0.105        6
 7 BILL_AMT3              0.101        7
 8 LIMIT_BAL              0.100        8
 9 PAY_3                  0.0898       9
10 PAY_AMT4               0.0807      10
# ℹ 13 more rows
# ℹ Use `print(n = ...)` to see more rows
# A tibble: 10 × 3
   Variavel_Original Importancia Posicao
   <chr>                   <dbl>   <int>
 1 PAY_0                  0.650        1
 2 BILL_AMT1              0.243        2
 3 PAY_AMT2               0.205        3
 4 PAY_AMT1               0.152        4
 5 EDUCATION              0.136        5
 6 PAY_2                  0.105        6
 7 BILL_AMT3              0.101        7
 8 LIMIT_BAL              0.100        8
 9 PAY_3                  0.0898       9
10 PAY_AMT4               0.0807      10
G3;03_selecao_variaveis.R concluido com sucesso.
g[2026-03-23 19:39:17]  Concluído 03_selecao_variaveis.R | 42.79 segundos 
  |                                                                                                                                                           |=================================                                                                                                                  |  22%[2026-03-23 19:39:17]  (5/18) Iniciando 04_topn_base.R 
G3;00_setup.R carregado com sucesso.
g
=============================
Rodando GLM Top-1
Variaveis: PAY_0 
=============================

=============================
Rodando GLM Top-2
Variaveis: PAY_0, BILL_AMT1 
=============================

=============================
Rodando GLM Top-3
Variaveis: PAY_0, BILL_AMT1, PAY_AMT2 
=============================

=============================
Rodando GLM Top-4
Variaveis: PAY_0, BILL_AMT1, PAY_AMT2, PAY_AMT1 
=============================

=============================
Rodando GLM Top-5
Variaveis: PAY_0, BILL_AMT1, PAY_AMT2, PAY_AMT1, EDUCATION 
=============================

=============================
Rodando GLM Top-6
Variaveis: PAY_0, BILL_AMT1, PAY_AMT2, PAY_AMT1, EDUCATION, PAY_2 
=============================

=============================
Rodando GLM Top-7
Variaveis: PAY_0, BILL_AMT1, PAY_AMT2, PAY_AMT1, EDUCATION, PAY_2, BILL_AMT3 
=============================

=============================
Rodando GLM Top-8
Variaveis: PAY_0, BILL_AMT1, PAY_AMT2, PAY_AMT1, EDUCATION, PAY_2, BILL_AMT3, LIMIT_BAL 
=============================

=============================
Rodando GLM Top-9
Variaveis: PAY_0, BILL_AMT1, PAY_AMT2, PAY_AMT1, EDUCATION, PAY_2, BILL_AMT3, LIMIT_BAL, PAY_3 
=============================

=============================
Rodando GLM Top-10
Variaveis: PAY_0, BILL_AMT1, PAY_AMT2, PAY_AMT1, EDUCATION, PAY_2, BILL_AMT3, LIMIT_BAL, PAY_3, PAY_AMT4 
=============================

=============================
Rodando GLM Top-11
Variaveis: PAY_0, BILL_AMT1, PAY_AMT2, PAY_AMT1, EDUCATION, PAY_2, BILL_AMT3, LIMIT_BAL, PAY_3, PAY_AMT4, MARRIAGE 
=============================

=============================
Rodando GLM Top-12
Variaveis: PAY_0, BILL_AMT1, PAY_AMT2, PAY_AMT1, EDUCATION, PAY_2, BILL_AMT3, LIMIT_BAL, PAY_3, PAY_AMT4, MARRIAGE, SEX 
=============================

=============================
Rodando GLM Top-13
Variaveis: PAY_0, BILL_AMT1, PAY_AMT2, PAY_AMT1, EDUCATION, PAY_2, BILL_AMT3, LIMIT_BAL, PAY_3, PAY_AMT4, MARRIAGE, SEX, AGE 
=============================

=============================
Rodando GLM Top-14
Variaveis: PAY_0, BILL_AMT1, PAY_AMT2, PAY_AMT1, EDUCATION, PAY_2, BILL_AMT3, LIMIT_BAL, PAY_3, PAY_AMT4, MARRIAGE, SEX, AGE, PAY_5 
=============================

=============================
Rodando GLM Top-15
Variaveis: PAY_0, BILL_AMT1, PAY_AMT2, PAY_AMT1, EDUCATION, PAY_2, BILL_AMT3, LIMIT_BAL, PAY_3, PAY_AMT4, MARRIAGE, SEX, AGE, PAY_5, BILL_AMT5 
=============================

=============================
Rodando GLM Top-16
Variaveis: PAY_0, BILL_AMT1, PAY_AMT2, PAY_AMT1, EDUCATION, PAY_2, BILL_AMT3, LIMIT_BAL, PAY_3, PAY_AMT4, MARRIAGE, SEX, AGE, PAY_5, BILL_AMT5, PAY_AMT3 
=============================

=============================
Rodando GLM Top-17
Variaveis: PAY_0, BILL_AMT1, PAY_AMT2, PAY_AMT1, EDUCATION, PAY_2, BILL_AMT3, LIMIT_BAL, PAY_3, PAY_AMT4, MARRIAGE, SEX, AGE, PAY_5, BILL_AMT5, PAY_AMT3, PAY_AMT5 
=============================

=============================
Rodando GLM Top-18
Variaveis: PAY_0, BILL_AMT1, PAY_AMT2, PAY_AMT1, EDUCATION, PAY_2, BILL_AMT3, LIMIT_BAL, PAY_3, PAY_AMT4, MARRIAGE, SEX, AGE, PAY_5, BILL_AMT5, PAY_AMT3, PAY_AMT5, PAY_AMT6 
=============================

=============================
Rodando GLM Top-19
Variaveis: PAY_0, BILL_AMT1, PAY_AMT2, PAY_AMT1, EDUCATION, PAY_2, BILL_AMT3, LIMIT_BAL, PAY_3, PAY_AMT4, MARRIAGE, SEX, AGE, PAY_5, BILL_AMT5, PAY_AMT3, PAY_AMT5, PAY_AMT6, PAY_4 
=============================

=============================
Rodando GLM Top-20
Variaveis: PAY_0, BILL_AMT1, PAY_AMT2, PAY_AMT1, EDUCATION, PAY_2, BILL_AMT3, LIMIT_BAL, PAY_3, PAY_AMT4, MARRIAGE, SEX, AGE, PAY_5, BILL_AMT5, PAY_AMT3, PAY_AMT5, PAY_AMT6, PAY_4, BILL_AMT2 
=============================

=============================
Rodando GLM Top-21
Variaveis: PAY_0, BILL_AMT1, PAY_AMT2, PAY_AMT1, EDUCATION, PAY_2, BILL_AMT3, LIMIT_BAL, PAY_3, PAY_AMT4, MARRIAGE, SEX, AGE, PAY_5, BILL_AMT5, PAY_AMT3, PAY_AMT5, PAY_AMT6, PAY_4, BILL_AMT2, BILL_AMT4 
=============================

=============================
Rodando GLM Top-22
Variaveis: PAY_0, BILL_AMT1, PAY_AMT2, PAY_AMT1, EDUCATION, PAY_2, BILL_AMT3, LIMIT_BAL, PAY_3, PAY_AMT4, MARRIAGE, SEX, AGE, PAY_5, BILL_AMT5, PAY_AMT3, PAY_AMT5, PAY_AMT6, PAY_4, BILL_AMT2, BILL_AMT4, BILL_AMT6 
=============================

=============================
Rodando GLM Top-23
Variaveis: PAY_0, BILL_AMT1, PAY_AMT2, PAY_AMT1, EDUCATION, PAY_2, BILL_AMT3, LIMIT_BAL, PAY_3, PAY_AMT4, MARRIAGE, SEX, AGE, PAY_5, BILL_AMT5, PAY_AMT3, PAY_AMT5, PAY_AMT6, PAY_4, BILL_AMT2, BILL_AMT4, BILL_AMT6, PAY_6 
=============================
# A tibble: 1 × 20
   TopN Modelo   ROC  Sens  Spec Precision    F1 GMean parameter  ROCSD  SensSD  SpecSD PrecisionSD    F1SD GMeanSD Variaveis      Usa_SMOTENC Fase_Protocolo
  <int> <chr>  <dbl> <dbl> <dbl>     <dbl> <dbl> <dbl> <chr>      <dbl>   <dbl>   <dbl>       <dbl>   <dbl>   <dbl> <chr>          <lgl>       <chr>         
1    13 GLM    0.729 0.247 0.971     0.707 0.366 0.490 none      0.0192 0.00781 0.00136     0.00970 0.00916 0.00765 PAY_0, BILL_A… FALSE       exploratorio  
# ℹ 2 more variables: CV_Folds <dbl>, CV_Repeats <dbl>
# A tibble: 10 × 20
    TopN Modelo   ROC  Sens  Spec Precision    F1 GMean parameter  ROCSD  SensSD  SpecSD PrecisionSD    F1SD GMeanSD Variaveis     Usa_SMOTENC Fase_Protocolo
   <int> <chr>  <dbl> <dbl> <dbl>     <dbl> <dbl> <dbl> <chr>      <dbl>   <dbl>   <dbl>       <dbl>   <dbl>   <dbl> <chr>         <lgl>       <chr>         
 1    13 GLM    0.729 0.247 0.971     0.707 0.366 0.490 none      0.0192 0.00781 0.00136     0.00970 0.00916 0.00765 PAY_0, BILL_… FALSE       exploratorio  
 2    12 GLM    0.729 0.251 0.971     0.712 0.371 0.493 none      0.0195 0.00941 0.00180     0.0129  0.0110  0.00918 PAY_0, BILL_… FALSE       exploratorio  
 3    14 GLM    0.729 0.250 0.971     0.712 0.370 0.492 none      0.0199 0.00931 0.00109     0.00633 0.0106  0.00900 PAY_0, BILL_… FALSE       exploratorio  
 4    17 GLM    0.729 0.249 0.972     0.713 0.370 0.492 none      0.0204 0.00877 0.00142     0.00973 0.0101  0.00850 PAY_0, BILL_… FALSE       exploratorio  
 5    15 GLM    0.729 0.250 0.971     0.713 0.370 0.493 none      0.0200 0.00948 0.00111     0.00663 0.0108  0.00917 PAY_0, BILL_… FALSE       exploratorio  
 6    18 GLM    0.729 0.249 0.972     0.713 0.369 0.492 none      0.0205 0.00884 0.00109     0.00532 0.00990 0.00852 PAY_0, BILL_… FALSE       exploratorio  
 7    19 GLM    0.729 0.249 0.971     0.712 0.368 0.491 none      0.0204 0.00849 0.00120     0.00707 0.00960 0.00821 PAY_0, BILL_… FALSE       exploratorio  
 8    16 GLM    0.728 0.250 0.971     0.713 0.370 0.492 none      0.0205 0.00888 0.00118     0.00699 0.0101  0.00858 PAY_0, BILL_… FALSE       exploratorio  
 9    20 GLM    0.728 0.249 0.971     0.712 0.368 0.491 none      0.0205 0.00923 0.00122     0.00838 0.0107  0.00899 PAY_0, BILL_… FALSE       exploratorio  
10    22 GLM    0.728 0.249 0.972     0.713 0.369 0.491 none      0.0206 0.00945 0.00147     0.00886 0.0107  0.00913 PAY_0, BILL_… FALSE       exploratorio  
# ℹ 2 more variables: CV_Folds <dbl>, CV_Repeats <dbl>
G3;04_topn_base.R concluido com sucesso.
g[2026-03-23 19:39:55]  Concluído 04_topn_base.R | 38.03 segundos 
  |                                                                                                                                                           |=========================================                                                                                                          |  28%[2026-03-23 19:39:55]  (6/18) Iniciando 04B_topn_xgboost.R 
G3;00_setup.R carregado com sucesso.
g
=============================
Rodando XGBoost Top-1
Variaveis: PAY_0 
=============================
  TopN  Modelo       ROC      Sens      Spec Precision        F1     GMean nrounds max_depth eta gamma colsample_bytree min_child_weight subsample     PRAUC
1    1 XGBoost 0.7131836 0.3312546 0.9601957 0.7030187 0.4500841 0.5638365     100         3 0.1     0              0.8                1       0.8 0.4947187
   Accuracy     ROCSD       F1SD    GMeanSD Variaveis Usa_SMOTENC Fase_Protocolo CV_Folds CV_Repeats
1 0.8210561 0.0143831 0.01334105 0.01236229     PAY_0       FALSE   exploratorio        5          1

=============================
Rodando XGBoost Top-2
Variaveis: PAY_0, BILL_AMT1 
=============================
  TopN  Modelo       ROC      Sens      Spec Precision        F1     GMean nrounds max_depth  eta gamma colsample_bytree min_child_weight subsample
1    2 XGBoost 0.7229441 0.3312541 0.9600734   0.70234 0.4499925 0.5638309     150         3 0.05     0              0.8                1       0.8
      PRAUC  Accuracy     ROCSD       F1SD    GMeanSD        Variaveis Usa_SMOTENC Fase_Protocolo CV_Folds CV_Repeats
1 0.4976315 0.8209609 0.0142003 0.01171781 0.01088642 PAY_0, BILL_AMT1       FALSE   exploratorio        5          1

=============================
Rodando XGBoost Top-3
Variaveis: PAY_0, BILL_AMT1, PAY_AMT2 
=============================
  TopN  Modelo       ROC      Sens      Spec Precision        F1     GMean nrounds max_depth  eta gamma colsample_bytree min_child_weight subsample
1    3 XGBoost 0.7532837 0.3252266 0.9612351 0.7048253 0.4447855 0.5589515     150         3 0.05     0              0.8                1       0.8
      PRAUC  Accuracy      ROCSD       F1SD    GMeanSD                  Variaveis Usa_SMOTENC Fase_Protocolo CV_Folds CV_Repeats
1 0.5272318 0.8205323 0.01535487 0.01505953 0.01376107 PAY_0, BILL_AMT1, PAY_AMT2       FALSE   exploratorio        5          1

=============================
Rodando XGBoost Top-4
Variaveis: PAY_0, BILL_AMT1, PAY_AMT2, PAY_AMT1 
=============================
  TopN  Modelo       ROC      Sens      Spec Precision        F1     GMean nrounds max_depth  eta gamma colsample_bytree min_child_weight subsample    PRAUC
1    4 XGBoost 0.7557092 0.3252263 0.9608682  0.702734 0.4444146 0.5588632     100         5 0.05     0              0.8                1       0.8 0.529235
   Accuracy      ROCSD       F1SD   GMeanSD                            Variaveis Usa_SMOTENC Fase_Protocolo CV_Folds CV_Repeats
1 0.8202466 0.01219994 0.01444911 0.0131067 PAY_0, BILL_AMT1, PAY_AMT2, PAY_AMT1       FALSE   exploratorio        5          1

=============================
Rodando XGBoost Top-5
Variaveis: PAY_0, BILL_AMT1, PAY_AMT2, PAY_AMT1, EDUCATION 
=============================
  TopN  Modelo       ROC      Sens      Spec Precision        F1     GMean nrounds max_depth  eta gamma colsample_bytree min_child_weight subsample
1    5 XGBoost 0.7581524 0.3278086 0.9611128 0.7055602 0.4474304 0.5611514     100         5 0.05     0              0.8                1       0.8
      PRAUC  Accuracy      ROCSD       F1SD    GMeanSD                                       Variaveis Usa_SMOTENC Fase_Protocolo CV_Folds CV_Repeats
1 0.5277841 0.8210085 0.01293565 0.01569092 0.01355162 PAY_0, BILL_AMT1, PAY_AMT2, PAY_AMT1, EDUCATION       FALSE   exploratorio        5          1

=============================
Rodando XGBoost Top-6
Variaveis: PAY_0, BILL_AMT1, PAY_AMT2, PAY_AMT1, EDUCATION, PAY_2 
=============================
  TopN  Modelo       ROC      Sens      Spec Precision        F1     GMean nrounds max_depth  eta gamma colsample_bytree min_child_weight subsample
1    6 XGBoost 0.7611822 0.3409401 0.9575054 0.6953448 0.4573355 0.5712436     100         5 0.05     0              0.8                1       0.8
      PRAUC  Accuracy      ROCSD       F1SD    GMeanSD                                              Variaveis Usa_SMOTENC Fase_Protocolo CV_Folds CV_Repeats
1 0.5345117 0.8211037 0.01371923 0.01278053 0.01147787 PAY_0, BILL_AMT1, PAY_AMT2, PAY_AMT1, EDUCATION, PAY_2       FALSE   exploratorio        5          1

=============================
Rodando XGBoost Top-7
Variaveis: PAY_0, BILL_AMT1, PAY_AMT2, PAY_AMT1, EDUCATION, PAY_2, BILL_AMT3 
=============================
  TopN  Modelo       ROC      Sens      Spec Precision        F1     GMean nrounds max_depth  eta gamma colsample_bytree min_child_weight subsample
1    7 XGBoost 0.7639784 0.3422295 0.9569551 0.6932637 0.4580775 0.5721523     100         5 0.05     0              0.8                1       0.8
      PRAUC  Accuracy      ROCSD       F1SD    GMeanSD                                                         Variaveis Usa_SMOTENC Fase_Protocolo CV_Folds
1 0.5390307 0.8209608 0.01306529 0.01483175 0.01247845 PAY_0, BILL_AMT1, PAY_AMT2, PAY_AMT1, EDUCATION, PAY_2, BILL_AMT3       FALSE   exploratorio        5
  CV_Repeats
1          1

=============================
Rodando XGBoost Top-8
Variaveis: PAY_0, BILL_AMT1, PAY_AMT2, PAY_AMT1, EDUCATION, PAY_2, BILL_AMT3, LIMIT_BAL 
=============================
  TopN  Modelo       ROC      Sens      Spec Precision        F1     GMean nrounds max_depth  eta gamma colsample_bytree min_child_weight subsample    PRAUC
1    8 XGBoost 0.7751317 0.3514867 0.9532253 0.6809488 0.4634027 0.5786219     150         5 0.05     0              0.8                1       0.8 0.546904
   Accuracy      ROCSD       F1SD   GMeanSD                                                                    Variaveis Usa_SMOTENC Fase_Protocolo CV_Folds
1 0.8201039 0.01385351 0.01919541 0.0164184 PAY_0, BILL_AMT1, PAY_AMT2, PAY_AMT1, EDUCATION, PAY_2, BILL_AMT3, LIMIT_BAL       FALSE   exploratorio        5
  CV_Repeats
1          1

=============================
Rodando XGBoost Top-9
Variaveis: PAY_0, BILL_AMT1, PAY_AMT2, PAY_AMT1, EDUCATION, PAY_2, BILL_AMT3, LIMIT_BAL, PAY_3 
=============================
  TopN  Modelo       ROC      Sens      Spec Precision        F1     GMean nrounds max_depth  eta gamma colsample_bytree min_child_weight subsample
1    9 XGBoost 0.7779986 0.3585902 0.9525527 0.6820614 0.4698945 0.5842685     200         3 0.05     0              0.8                1       0.8
      PRAUC  Accuracy      ROCSD       F1SD    GMeanSD                                                                           Variaveis Usa_SMOTENC
1 0.5462723 0.8211516 0.01456293 0.01959672 0.01592689 PAY_0, BILL_AMT1, PAY_AMT2, PAY_AMT1, EDUCATION, PAY_2, BILL_AMT3, LIMIT_BAL, PAY_3       FALSE
  Fase_Protocolo CV_Folds CV_Repeats
1   exploratorio        5          1

=============================
Rodando XGBoost Top-10
Variaveis: PAY_0, BILL_AMT1, PAY_AMT2, PAY_AMT1, EDUCATION, PAY_2, BILL_AMT3, LIMIT_BAL, PAY_3, PAY_AMT4 
=============================
  TopN  Modelo       ROC      Sens      Spec Precision        F1     GMean nrounds max_depth  eta gamma colsample_bytree min_child_weight subsample
1   10 XGBoost 0.7803598 0.3609579 0.9515744 0.6792353 0.4713156 0.5859692     100         5 0.05     0              0.8                1       0.8
      PRAUC  Accuracy      ROCSD       F1SD   GMeanSD                                                                                     Variaveis
1 0.5519351 0.8209135 0.01384233 0.01647026 0.0126641 PAY_0, BILL_AMT1, PAY_AMT2, PAY_AMT1, EDUCATION, PAY_2, BILL_AMT3, LIMIT_BAL, PAY_3, PAY_AMT4
  Usa_SMOTENC Fase_Protocolo CV_Folds CV_Repeats
1       FALSE   exploratorio        5          1

=============================
Rodando XGBoost Top-11
Variaveis: PAY_0, BILL_AMT1, PAY_AMT2, PAY_AMT1, EDUCATION, PAY_2, BILL_AMT3, LIMIT_BAL, PAY_3, PAY_AMT4, MARRIAGE 
=============================
  TopN  Modelo       ROC      Sens     Spec Precision        F1     GMean nrounds max_depth  eta gamma colsample_bytree min_child_weight subsample     PRAUC
1   11 XGBoost 0.7804845 0.3570825 0.951819  0.678073 0.4677288 0.5829174     200         3 0.05     0              0.8                1       0.8 0.5493373
   Accuracy      ROCSD       F1SD    GMeanSD                                                                                               Variaveis
1 0.8202468 0.01420235 0.01372677 0.01059436 PAY_0, BILL_AMT1, PAY_AMT2, PAY_AMT1, EDUCATION, PAY_2, BILL_AMT3, LIMIT_BAL, PAY_3, PAY_AMT4, MARRIAGE
  Usa_SMOTENC Fase_Protocolo CV_Folds CV_Repeats
1       FALSE   exploratorio        5          1

=============================
Rodando XGBoost Top-12
Variaveis: PAY_0, BILL_AMT1, PAY_AMT2, PAY_AMT1, EDUCATION, PAY_2, BILL_AMT3, LIMIT_BAL, PAY_3, PAY_AMT4, MARRIAGE, SEX 
=============================
  TopN  Modelo       ROC      Sens      Spec Precision        F1     GMean nrounds max_depth  eta gamma colsample_bytree min_child_weight subsample    PRAUC
1   12 XGBoost 0.7815957 0.3659083 0.9519413 0.6837467 0.4766421 0.5901028     200         3 0.05     0              0.8                1       0.8 0.548678
   Accuracy      ROCSD       F1SD   GMeanSD                                                                                                    Variaveis
1 0.8222943 0.01443626 0.01492756 0.0116532 PAY_0, BILL_AMT1, PAY_AMT2, PAY_AMT1, EDUCATION, PAY_2, BILL_AMT3, LIMIT_BAL, PAY_3, PAY_AMT4, MARRIAGE, SEX
  Usa_SMOTENC Fase_Protocolo CV_Folds CV_Repeats
1       FALSE   exploratorio        5          1

=============================
Rodando XGBoost Top-13
Variaveis: PAY_0, BILL_AMT1, PAY_AMT2, PAY_AMT1, EDUCATION, PAY_2, BILL_AMT3, LIMIT_BAL, PAY_3, PAY_AMT4, MARRIAGE, SEX, AGE 
=============================
  TopN  Modelo       ROC      Sens      Spec Precision       F1     GMean nrounds max_depth  eta gamma colsample_bytree min_child_weight subsample     PRAUC
1   13 XGBoost 0.7828564 0.3674162 0.9521859  0.685763 0.478403 0.5913798     100         5 0.05     0              0.8                1       0.8 0.5546154
   Accuracy      ROCSD       F1SD    GMeanSD
1 0.8228182 0.01353179 0.01669245 0.01277858
                                                                                                          Variaveis Usa_SMOTENC Fase_Protocolo CV_Folds
1 PAY_0, BILL_AMT1, PAY_AMT2, PAY_AMT1, EDUCATION, PAY_2, BILL_AMT3, LIMIT_BAL, PAY_3, PAY_AMT4, MARRIAGE, SEX, AGE       FALSE   exploratorio        5
  CV_Repeats
1          1

=============================
Rodando XGBoost Top-14
Variaveis: PAY_0, BILL_AMT1, PAY_AMT2, PAY_AMT1, EDUCATION, PAY_2, BILL_AMT3, LIMIT_BAL, PAY_3, PAY_AMT4, MARRIAGE, SEX, AGE, PAY_5 
=============================
  TopN  Modelo       ROC      Sens      Spec Precision       F1     GMean nrounds max_depth  eta gamma colsample_bytree min_child_weight subsample     PRAUC
1   14 XGBoost 0.7841137 0.3712893 0.9499847 0.6781526 0.479742 0.5937677     200         3 0.05     0              0.8                1       0.8 0.5530071
  Accuracy      ROCSD       F1SD    GMeanSD
1 0.821961 0.01442439 0.01686857 0.01388153
                                                                                                                 Variaveis Usa_SMOTENC Fase_Protocolo
1 PAY_0, BILL_AMT1, PAY_AMT2, PAY_AMT1, EDUCATION, PAY_2, BILL_AMT3, LIMIT_BAL, PAY_3, PAY_AMT4, MARRIAGE, SEX, AGE, PAY_5       FALSE   exploratorio
  CV_Folds CV_Repeats
1        5          1

=============================
Rodando XGBoost Top-15
Variaveis: PAY_0, BILL_AMT1, PAY_AMT2, PAY_AMT1, EDUCATION, PAY_2, BILL_AMT3, LIMIT_BAL, PAY_3, PAY_AMT4, MARRIAGE, SEX, AGE, PAY_5, BILL_AMT5 
=============================
  TopN  Modelo       ROC      Sens      Spec Precision        F1     GMean nrounds max_depth eta gamma colsample_bytree min_child_weight subsample    PRAUC
1   15 XGBoost 0.7839324 0.3723657 0.9499847 0.6788896 0.4808451 0.5946645     100         3 0.1     0              0.8                1       0.8 0.555669
  Accuracy      ROCSD       F1SD    GMeanSD
1 0.822199 0.01458133 0.01429631 0.01177293
                                                                                                                            Variaveis Usa_SMOTENC
1 PAY_0, BILL_AMT1, PAY_AMT2, PAY_AMT1, EDUCATION, PAY_2, BILL_AMT3, LIMIT_BAL, PAY_3, PAY_AMT4, MARRIAGE, SEX, AGE, PAY_5, BILL_AMT5       FALSE
  Fase_Protocolo CV_Folds CV_Repeats
1   exploratorio        5          1

=============================
Rodando XGBoost Top-16
Variaveis: PAY_0, BILL_AMT1, PAY_AMT2, PAY_AMT1, EDUCATION, PAY_2, BILL_AMT3, LIMIT_BAL, PAY_3, PAY_AMT4, MARRIAGE, SEX, AGE, PAY_5, BILL_AMT5, PAY_AMT3 
=============================
  TopN  Modelo       ROC      Sens      Spec Precision        F1     GMean nrounds max_depth  eta gamma colsample_bytree min_child_weight subsample
1   16 XGBoost 0.7854477 0.3719356 0.9497401  0.677455 0.4801056 0.5941916     200         3 0.05     0              0.8                1       0.8
      PRAUC  Accuracy      ROCSD       F1SD    GMeanSD
1 0.5546158 0.8219134 0.01369385 0.01899213 0.01515048
                                                                                                                                      Variaveis Usa_SMOTENC
1 PAY_0, BILL_AMT1, PAY_AMT2, PAY_AMT1, EDUCATION, PAY_2, BILL_AMT3, LIMIT_BAL, PAY_3, PAY_AMT4, MARRIAGE, SEX, AGE, PAY_5, BILL_AMT5, PAY_AMT3       FALSE
  Fase_Protocolo CV_Folds CV_Repeats
1   exploratorio        5          1

=============================
Rodando XGBoost Top-17
Variaveis: PAY_0, BILL_AMT1, PAY_AMT2, PAY_AMT1, EDUCATION, PAY_2, BILL_AMT3, LIMIT_BAL, PAY_3, PAY_AMT4, MARRIAGE, SEX, AGE, PAY_5, BILL_AMT5, PAY_AMT3, PAY_AMT5 
=============================
  TopN  Modelo       ROC     Sens      Spec Precision        F1     GMean nrounds max_depth  eta gamma colsample_bytree min_child_weight subsample     PRAUC
1   17 XGBoost 0.7858831 0.375164 0.9499236  0.680273 0.4834461 0.5968132     150         5 0.05     0              0.8                1       0.8 0.5594271
   Accuracy      ROCSD       F1SD    GMeanSD
1 0.8227704 0.01262578 0.01818805 0.01501984
                                                                                                                                                Variaveis
1 PAY_0, BILL_AMT1, PAY_AMT2, PAY_AMT1, EDUCATION, PAY_2, BILL_AMT3, LIMIT_BAL, PAY_3, PAY_AMT4, MARRIAGE, SEX, AGE, PAY_5, BILL_AMT5, PAY_AMT3, PAY_AMT5
  Usa_SMOTENC Fase_Protocolo CV_Folds CV_Repeats
1       FALSE   exploratorio        5          1

=============================
Rodando XGBoost Top-18
Variaveis: PAY_0, BILL_AMT1, PAY_AMT2, PAY_AMT1, EDUCATION, PAY_2, BILL_AMT3, LIMIT_BAL, PAY_3, PAY_AMT4, MARRIAGE, SEX, AGE, PAY_5, BILL_AMT5, PAY_AMT3, PAY_AMT5, PAY_AMT6 
=============================
  TopN  Modelo       ROC      Sens      Spec Precision        F1     GMean nrounds max_depth  eta gamma colsample_bytree min_child_weight subsample
1   18 XGBoost 0.7851709 0.3706448 0.9506573 0.6807663 0.4797444 0.5933762     200         3 0.05     0              0.8                1       0.8
      PRAUC  Accuracy     ROCSD       F1SD    GMeanSD
1 0.5570651 0.8223419 0.0136892 0.02126921 0.01757558
                                                                                                                                                          Variaveis
1 PAY_0, BILL_AMT1, PAY_AMT2, PAY_AMT1, EDUCATION, PAY_2, BILL_AMT3, LIMIT_BAL, PAY_3, PAY_AMT4, MARRIAGE, SEX, AGE, PAY_5, BILL_AMT5, PAY_AMT3, PAY_AMT5, PAY_AMT6
  Usa_SMOTENC Fase_Protocolo CV_Folds CV_Repeats
1       FALSE   exploratorio        5          1

=============================
Rodando XGBoost Top-19
Variaveis: PAY_0, BILL_AMT1, PAY_AMT2, PAY_AMT1, EDUCATION, PAY_2, BILL_AMT3, LIMIT_BAL, PAY_3, PAY_AMT4, MARRIAGE, SEX, AGE, PAY_5, BILL_AMT5, PAY_AMT3, PAY_AMT5, PAY_AMT6, PAY_4 
=============================
  TopN  Modelo       ROC      Sens      Spec Precision       F1     GMean nrounds max_depth eta gamma colsample_bytree min_child_weight subsample     PRAUC
1   19 XGBoost 0.7857012 0.3743026 0.9490064 0.6756633 0.481615 0.5958564     150         3 0.1     0              0.8                1       0.8 0.5576317
   Accuracy      ROCSD       F1SD    GMeanSD
1 0.8218657 0.01338026 0.01758294 0.01443233
                                                                                                                                                                 Variaveis
1 PAY_0, BILL_AMT1, PAY_AMT2, PAY_AMT1, EDUCATION, PAY_2, BILL_AMT3, LIMIT_BAL, PAY_3, PAY_AMT4, MARRIAGE, SEX, AGE, PAY_5, BILL_AMT5, PAY_AMT3, PAY_AMT5, PAY_AMT6, PAY_4
  Usa_SMOTENC Fase_Protocolo CV_Folds CV_Repeats
1       FALSE   exploratorio        5          1

=============================
Rodando XGBoost Top-20
Variaveis: PAY_0, BILL_AMT1, PAY_AMT2, PAY_AMT1, EDUCATION, PAY_2, BILL_AMT3, LIMIT_BAL, PAY_3, PAY_AMT4, MARRIAGE, SEX, AGE, PAY_5, BILL_AMT5, PAY_AMT3, PAY_AMT5, PAY_AMT6, PAY_4, BILL_AMT2 
=============================
  TopN  Modelo       ROC      Sens      Spec Precision       F1     GMean nrounds max_depth  eta gamma colsample_bytree min_child_weight subsample     PRAUC
1   20 XGBoost 0.7857685 0.3715064 0.9513299 0.6846092 0.481384 0.5943085     100         5 0.05     0              0.8                1       0.8 0.5579668
   Accuracy      ROCSD       F1SD   GMeanSD
1 0.8230562 0.01333253 0.01905227 0.0158537
                                                                                                                                                                            Variaveis
1 PAY_0, BILL_AMT1, PAY_AMT2, PAY_AMT1, EDUCATION, PAY_2, BILL_AMT3, LIMIT_BAL, PAY_3, PAY_AMT4, MARRIAGE, SEX, AGE, PAY_5, BILL_AMT5, PAY_AMT3, PAY_AMT5, PAY_AMT6, PAY_4, BILL_AMT2
  Usa_SMOTENC Fase_Protocolo CV_Folds CV_Repeats
1       FALSE   exploratorio        5          1

=============================
Rodando XGBoost Top-21
Variaveis: PAY_0, BILL_AMT1, PAY_AMT2, PAY_AMT1, EDUCATION, PAY_2, BILL_AMT3, LIMIT_BAL, PAY_3, PAY_AMT4, MARRIAGE, SEX, AGE, PAY_5, BILL_AMT5, PAY_AMT3, PAY_AMT5, PAY_AMT6, PAY_4, BILL_AMT2, BILL_AMT4 
=============================
  TopN  Modelo       ROC      Sens      Spec Precision        F1     GMean nrounds max_depth  eta gamma colsample_bytree min_child_weight subsample
1   21 XGBoost 0.7854789 0.3747345 0.9504739  0.682327 0.4835975 0.5966317     150         5 0.05     0              0.8                1       0.8
      PRAUC  Accuracy      ROCSD       F1SD    GMeanSD
1 0.5584765 0.8231038 0.01357678 0.01799652 0.01529427
                                                                                                                                                                                       Variaveis
1 PAY_0, BILL_AMT1, PAY_AMT2, PAY_AMT1, EDUCATION, PAY_2, BILL_AMT3, LIMIT_BAL, PAY_3, PAY_AMT4, MARRIAGE, SEX, AGE, PAY_5, BILL_AMT5, PAY_AMT3, PAY_AMT5, PAY_AMT6, PAY_4, BILL_AMT2, BILL_AMT4
  Usa_SMOTENC Fase_Protocolo CV_Folds CV_Repeats
1       FALSE   exploratorio        5          1

=============================
Rodando XGBoost Top-22
Variaveis: PAY_0, BILL_AMT1, PAY_AMT2, PAY_AMT1, EDUCATION, PAY_2, BILL_AMT3, LIMIT_BAL, PAY_3, PAY_AMT4, MARRIAGE, SEX, AGE, PAY_5, BILL_AMT5, PAY_AMT3, PAY_AMT5, PAY_AMT6, PAY_4, BILL_AMT2, BILL_AMT4, BILL_AMT6 
=============================
  TopN  Modelo       ROC     Sens      Spec Precision        F1     GMean nrounds max_depth  eta gamma colsample_bytree min_child_weight subsample     PRAUC
1   22 XGBoost 0.7856911 0.369999 0.9512076 0.6828429 0.4797825 0.5930907     100         5 0.05     0              0.8                1       0.8 0.5590749
   Accuracy      ROCSD       F1SD    GMeanSD
1 0.8226276 0.01272552 0.01820495 0.01501326
                                                                                                                                                                                                  Variaveis
1 PAY_0, BILL_AMT1, PAY_AMT2, PAY_AMT1, EDUCATION, PAY_2, BILL_AMT3, LIMIT_BAL, PAY_3, PAY_AMT4, MARRIAGE, SEX, AGE, PAY_5, BILL_AMT5, PAY_AMT3, PAY_AMT5, PAY_AMT6, PAY_4, BILL_AMT2, BILL_AMT4, BILL_AMT6
  Usa_SMOTENC Fase_Protocolo CV_Folds CV_Repeats
1       FALSE   exploratorio        5          1

=============================
Rodando XGBoost Top-23
Variaveis: PAY_0, BILL_AMT1, PAY_AMT2, PAY_AMT1, EDUCATION, PAY_2, BILL_AMT3, LIMIT_BAL, PAY_3, PAY_AMT4, MARRIAGE, SEX, AGE, PAY_5, BILL_AMT5, PAY_AMT3, PAY_AMT5, PAY_AMT6, PAY_4, BILL_AMT2, BILL_AMT4, BILL_AMT6, PAY_6 
=============================
  TopN  Modelo       ROC      Sens      Spec Precision        F1    GMean nrounds max_depth  eta gamma colsample_bytree min_child_weight subsample     PRAUC
1   23 XGBoost 0.7854991 0.3697832 0.9505961 0.6801164 0.4788147 0.592673     200         3 0.05     0              0.8                1       0.8 0.5591571
   Accuracy      ROCSD       F1SD    GMeanSD
1 0.8221038 0.01271731 0.01877771 0.01643582
                                                                                                                                                                                                         Variaveis
1 PAY_0, BILL_AMT1, PAY_AMT2, PAY_AMT1, EDUCATION, PAY_2, BILL_AMT3, LIMIT_BAL, PAY_3, PAY_AMT4, MARRIAGE, SEX, AGE, PAY_5, BILL_AMT5, PAY_AMT3, PAY_AMT5, PAY_AMT6, PAY_4, BILL_AMT2, BILL_AMT4, BILL_AMT6, PAY_6
  Usa_SMOTENC Fase_Protocolo CV_Folds CV_Repeats
1       FALSE   exploratorio        5          1
  TopN  Modelo       ROC     Sens      Spec Precision        F1     GMean nrounds max_depth  eta gamma colsample_bytree min_child_weight subsample     PRAUC
1   17 XGBoost 0.7858831 0.375164 0.9499236  0.680273 0.4834461 0.5968132     150         5 0.05     0              0.8                1       0.8 0.5594271
   Accuracy      ROCSD       F1SD    GMeanSD
1 0.8227704 0.01262578 0.01818805 0.01501984
                                                                                                                                                Variaveis
1 PAY_0, BILL_AMT1, PAY_AMT2, PAY_AMT1, EDUCATION, PAY_2, BILL_AMT3, LIMIT_BAL, PAY_3, PAY_AMT4, MARRIAGE, SEX, AGE, PAY_5, BILL_AMT5, PAY_AMT3, PAY_AMT5
  Usa_SMOTENC Fase_Protocolo CV_Folds CV_Repeats
1       FALSE   exploratorio        5          1
G3;04B_topn_xgboost.R concluido com sucesso.
g[2026-03-23 19:50:23]  Concluído 04B_topn_xgboost.R | 627.80 segundos 
  |                                                                                                                                                           |=================================================                                                                                                  |  33%[2026-03-23 19:50:23]  (7/18) Iniciando 04C_topn_modelos_caret.R 
G3;00_setup.R carregado com sucesso.
g# A tibble: 9 × 4
   TopN Origem                 MelhorTopN_GLM MelhorTopN_XGBoost
  <int> <chr>                           <int>              <int>
1    11 Guiado_por_GLM_XGBoost             13                 17
2    12 Guiado_por_GLM_XGBoost             13                 17
3    13 Guiado_por_GLM_XGBoost             13                 17
4    14 Guiado_por_GLM_XGBoost             13                 17
5    15 Guiado_por_GLM_XGBoost             13                 17
6    16 Guiado_por_GLM_XGBoost             13                 17
7    17 Guiado_por_GLM_XGBoost             13                 17
8    18 Guiado_por_GLM_XGBoost             13                 17
9    19 Guiado_por_GLM_XGBoost             13                 17

=============================
Modelo: RF - Top11 
Variaveis: PAY_0, BILL_AMT1, PAY_AMT2, PAY_AMT1, EDUCATION, PAY_2, BILL_AMT3, LIMIT_BAL, PAY_3, PAY_AMT4, MARRIAGE 
=============================

=============================
Modelo: RF - Top12 
Variaveis: PAY_0, BILL_AMT1, PAY_AMT2, PAY_AMT1, EDUCATION, PAY_2, BILL_AMT3, LIMIT_BAL, PAY_3, PAY_AMT4, MARRIAGE, SEX 
=============================

=============================
Modelo: RF - Top13 
Variaveis: PAY_0, BILL_AMT1, PAY_AMT2, PAY_AMT1, EDUCATION, PAY_2, BILL_AMT3, LIMIT_BAL, PAY_3, PAY_AMT4, MARRIAGE, SEX, AGE 
=============================

=============================
Modelo: RF - Top14 
Variaveis: PAY_0, BILL_AMT1, PAY_AMT2, PAY_AMT1, EDUCATION, PAY_2, BILL_AMT3, LIMIT_BAL, PAY_3, PAY_AMT4, MARRIAGE, SEX, AGE, PAY_5 
=============================

=============================
Modelo: RF - Top15 
Variaveis: PAY_0, BILL_AMT1, PAY_AMT2, PAY_AMT1, EDUCATION, PAY_2, BILL_AMT3, LIMIT_BAL, PAY_3, PAY_AMT4, MARRIAGE, SEX, AGE, PAY_5, BILL_AMT5 
=============================

=============================
Modelo: RF - Top16 
Variaveis: PAY_0, BILL_AMT1, PAY_AMT2, PAY_AMT1, EDUCATION, PAY_2, BILL_AMT3, LIMIT_BAL, PAY_3, PAY_AMT4, MARRIAGE, SEX, AGE, PAY_5, BILL_AMT5, PAY_AMT3 
=============================

=============================
Modelo: RF - Top17 
Variaveis: PAY_0, BILL_AMT1, PAY_AMT2, PAY_AMT1, EDUCATION, PAY_2, BILL_AMT3, LIMIT_BAL, PAY_3, PAY_AMT4, MARRIAGE, SEX, AGE, PAY_5, BILL_AMT5, PAY_AMT3, PAY_AMT5 
=============================

Houve 50 ou mais avisos (use warnings() para ver os primeiros 50)
